#
# A fatal error has been detected by the Java Runtime Environment:
#
#  SIGBUS (0x7) at pc=0xb68367f3, pid=6948, tid=3062963008
#
# JRE version: 7.0_07-b10
# Java VM: Java HotSpot(TM) Server VM (23.3-b01 mixed mode linux-x86 )
# Problematic frame:
# C  [libzip.so+0x47f3]  newEntry+0x73
#
# Failed to write core dump. Core dumps have been disabled. To enable core dumping, try "ulimit -c unlimited" before starting Java again
#
# If you would like to submit a bug report, please visit:
#   http://bugreport.sun.com/bugreport/crash.jsp
# The crash happened outside the Java Virtual Machine in native code.
# See problematic frame for where to report the bug.
#

---------------  T H R E A D  ---------------

Current thread (0xb6706400):  JavaThread "main" [_thread_in_native, id=6949, stack(0xb68c1000,0xb6912000)]

siginfo:si_signo=SIGBUS: si_errno=0, si_code=2 (BUS_ADRERR), si_addr=0x7fd21ead

Registers:
EAX=0x7c5454c8, EBX=0xb68491f0, ECX=0x7fd21e90, EDX=0x7fd21e90
ESP=0xb690fea0, EBP=0xb690ff38, ESI=0x7c5454c8, EDI=0x7fd0f000
EIP=0xb68367f3, EFLAGS=0x00010206, CR2=0x7fd21ead

Top of Stack: (sp=0xb690fea0)
0xb690fea0:   00000034 00000000 b69106e8 b75d2b76
0xb690feb0:   b7134ce8 00000000 00000000 b75dd3e2
0xb690fec0:   b6702420 b70c1280 0000005d ffffffff
0xb690fed0:   00000000 b75ac98b 0000005d b6eea45e
0xb690fee0:   00000005 00000000 b75ac14d 7c5454c8
0xb690fef0:   7c801b90 b75e41b6 b770cff4 b7134ce8
0xb690ff00:   b690ffd0 00000036 7c5454c8 7fd21e90
0xb690ff10:   7c801c10 a3dd4a4c 00000036 b6d9775c 

Instructions: (pc=0xb68367f3)
0xb68367d3:   00 0f 84 2e 03 00 00 8b 76 04 8b 4a 1c 8b 7a 10
0xb68367e3:   29 ce 01 fe 89 75 d4 8b 55 d4 8b 4d d4 8b 75 b4
0xb68367f3:   0f b6 52 1d 0f b6 41 1c c1 e2 08 09 c2 89 55 c8
0xb6836803:   0f b6 41 1e 88 45 bc 0f b6 51 1f 8b 45 d4 88 55 

Register to memory mapping:

EAX=0x7c5454c8 is an unknown value
EBX=0xb68491f0: <offset 0x171f0> in /usr/lib/jvm/java-7-oracle/jre/lib/i386/libzip.so at 0xb6832000
ECX=0x7fd21e90 is an unknown value
EDX=0x7fd21e90 is an unknown value
ESP=0xb690fea0 is pointing into the stack for thread: 0xb6706400
EBP=0xb690ff38 is pointing into the stack for thread: 0xb6706400
ESI=0x7c5454c8 is an unknown value
EDI=0x7fd0f000 is an unknown value


Stack: [0xb68c1000,0xb6912000],  sp=0xb690fea0,  free space=315k
Native frames: (J=compiled Java code, j=interpreted, Vv=VM code, C=native code)
C  [libzip.so+0x47f3]  newEntry+0x73
C  [libzip.so+0x5008]  ZIP_GetEntry+0xc8
C  [libzip.so+0x3a01]  Java_java_util_zip_ZipFile_getEntry+0xc1
j  java.util.zip.ZipFile.getEntry(J[BZ)J+0
j  java.util.zip.ZipFile.getEntry(Ljava/lang/String;)Ljava/util/zip/ZipEntry;+38
j  java.util.jar.JarFile.getEntry(Ljava/lang/String;)Ljava/util/zip/ZipEntry;+2
j  java.util.jar.JarFile.getJarEntry(Ljava/lang/String;)Ljava/util/jar/JarEntry;+2
j  sun.misc.URLClassPath$JarLoader.getResource(Ljava/lang/String;Z)Lsun/misc/Resource;+48
j  sun.misc.URLClassPath.getResource(Ljava/lang/String;Z)Lsun/misc/Resource;+53
j  java.net.URLClassLoader$1.run()Ljava/lang/Class;+26
j  java.net.URLClassLoader$1.run()Ljava/lang/Object;+1
v  ~StubRoutines::call_stub
V  [libjvm.so+0x4127a5]  JavaCalls::call_helper(JavaValue*, methodHandle*, JavaCallArguments*, Thread*)+0x315
V  [libjvm.so+0x5d7e79]  os::os_exception_wrapper(void (*)(JavaValue*, methodHandle*, JavaCallArguments*, Thread*), JavaValue*, methodHandle*, JavaCallArguments*, Thread*)+0x19
V  [libjvm.so+0x4115bf]  JavaCalls::call(JavaValue*, methodHandle, JavaCallArguments*, Thread*)+0x2f
V  [libjvm.so+0x46c2d4]  JVM_DoPrivileged+0x274
C  [libjava.so+0x9a4a]  Java_java_security_AccessController_doPrivileged__Ljava_security_PrivilegedExceptionAction_2Ljava_security_AccessControlContext_2+0x3a
j  java.security.AccessController.doPrivileged(Ljava/security/PrivilegedExceptionAction;Ljava/security/AccessControlContext;)Ljava/lang/Object;+0
j  java.net.URLClassLoader.findClass(Ljava/lang/String;)Ljava/lang/Class;+13
j  java.lang.ClassLoader.loadClass(Ljava/lang/String;Z)Ljava/lang/Class;+70
j  sun.misc.Launcher$AppClassLoader.loadClass(Ljava/lang/String;Z)Ljava/lang/Class;+36
j  java.lang.ClassLoader.loadClass(Ljava/lang/String;)Ljava/lang/Class;+3
v  ~StubRoutines::call_stub
V  [libjvm.so+0x4127a5]  JavaCalls::call_helper(JavaValue*, methodHandle*, JavaCallArguments*, Thread*)+0x315
V  [libjvm.so+0x5d7e79]  os::os_exception_wrapper(void (*)(JavaValue*, methodHandle*, JavaCallArguments*, Thread*), JavaValue*, methodHandle*, JavaCallArguments*, Thread*)+0x19
V  [libjvm.so+0x4115bf]  JavaCalls::call(JavaValue*, methodHandle, JavaCallArguments*, Thread*)+0x2f
V  [libjvm.so+0x412bca]  JavaCalls::call_virtual(JavaValue*, Handle, KlassHandle, Symbol*, Symbol*, Handle, Thread*)+0x12a
V  [libjvm.so+0x6b4261]  SystemDictionary::load_instance_class(Symbol*, Handle, Thread*)+0x471
V  [libjvm.so+0x6b4956]  SystemDictionary::resolve_instance_class_or_null(Symbol*, Handle, Handle, Thread*)+0x6d6
V  [libjvm.so+0x6b4ef0]  SystemDictionary::resolve_or_fail(Symbol*, Handle, Handle, bool, Thread*)+0x30
V  [libjvm.so+0x2e3e3b]  constantPoolOopDesc::klass_at_impl(constantPoolHandle, int, Thread*)+0x1cb
V  [libjvm.so+0x40a477]  InterpreterRuntime::_new(JavaThread*, constantPoolOopDesc*, int)+0x67
j  org.eclipse.jetty.util.thread.QueuedThreadPool.doStop()V+50
j  org.eclipse.jetty.util.component.AbstractLifeCycle.stop()V+30
j  org.eclipse.jetty.server.Server.doStop()V+211
j  org.eclipse.jetty.util.component.AbstractLifeCycle.stop()V+30
j  ece.uprm.edu.httpServer.MyJettyServer.main([Ljava/lang/String;)V+201
v  ~StubRoutines::call_stub
V  [libjvm.so+0x4127a5]  JavaCalls::call_helper(JavaValue*, methodHandle*, JavaCallArguments*, Thread*)+0x315
V  [libjvm.so+0x5d7e79]  os::os_exception_wrapper(void (*)(JavaValue*, methodHandle*, JavaCallArguments*, Thread*), JavaValue*, methodHandle*, JavaCallArguments*, Thread*)+0x19
V  [libjvm.so+0x4115bf]  JavaCalls::call(JavaValue*, methodHandle, JavaCallArguments*, Thread*)+0x2f
V  [libjvm.so+0x42506a]  jni_invoke_static(JNIEnv_*, JavaValue*, _jobject*, JNICallType, _jmethodID*, JNI_ArgumentPusher*, Thread*)+0x23a
V  [libjvm.so+0x42f8db]  jni_CallStaticVoidMethod+0xbb
C  [libjli.so+0x3384]  JavaMain+0x9c4
C  [libpthread.so.0+0x6d4c]  start_thread+0xcc

Java frames: (J=compiled Java code, j=interpreted, Vv=VM code)
j  java.util.zip.ZipFile.getEntry(J[BZ)J+0
j  java.util.zip.ZipFile.getEntry(Ljava/lang/String;)Ljava/util/zip/ZipEntry;+38
j  java.util.jar.JarFile.getEntry(Ljava/lang/String;)Ljava/util/zip/ZipEntry;+2
j  java.util.jar.JarFile.getJarEntry(Ljava/lang/String;)Ljava/util/jar/JarEntry;+2
j  sun.misc.URLClassPath$JarLoader.getResource(Ljava/lang/String;Z)Lsun/misc/Resource;+48
j  sun.misc.URLClassPath.getResource(Ljava/lang/String;Z)Lsun/misc/Resource;+53
j  java.net.URLClassLoader$1.run()Ljava/lang/Class;+26
j  java.net.URLClassLoader$1.run()Ljava/lang/Object;+1
v  ~StubRoutines::call_stub
j  java.security.AccessController.doPrivileged(Ljava/security/PrivilegedExceptionAction;Ljava/security/AccessControlContext;)Ljava/lang/Object;+0
j  java.net.URLClassLoader.findClass(Ljava/lang/String;)Ljava/lang/Class;+13
j  java.lang.ClassLoader.loadClass(Ljava/lang/String;Z)Ljava/lang/Class;+70
j  sun.misc.Launcher$AppClassLoader.loadClass(Ljava/lang/String;Z)Ljava/lang/Class;+36
j  java.lang.ClassLoader.loadClass(Ljava/lang/String;)Ljava/lang/Class;+3
v  ~StubRoutines::call_stub
j  org.eclipse.jetty.util.thread.QueuedThreadPool.doStop()V+50
j  org.eclipse.jetty.util.component.AbstractLifeCycle.stop()V+30
j  org.eclipse.jetty.server.Server.doStop()V+211
j  org.eclipse.jetty.util.component.AbstractLifeCycle.stop()V+30
j  ece.uprm.edu.httpServer.MyJettyServer.main([Ljava/lang/String;)V+201
v  ~StubRoutines::call_stub

---------------  P R O C E S S  ---------------

Java Threads: ( => current thread )
  0x7c8e0400 JavaThread "qtp29314176-15" [_thread_blocked, id=6969, stack(0x7c6bc000,0x7c70d000)]
  0x7c8dec00 JavaThread "qtp29314176-14" [_thread_blocked, id=6968, stack(0x7c70d000,0x7c75e000)]
  0x7c8dd400 JavaThread "qtp29314176-13" [_thread_blocked, id=6967, stack(0x7c75e000,0x7c7af000)]
  0x7c8dc400 JavaThread "qtp29314176-12" [_thread_blocked, id=6966, stack(0x7c7af000,0x7c800000)]
  0x7c8db800 JavaThread "qtp29314176-11" [_thread_blocked, id=6965, stack(0x7c90b000,0x7c95c000)]
  0x7c8e4800 JavaThread "qtp29314176-10" [_thread_blocked, id=6964, stack(0x7c95c000,0x7c9ad000)]
  0x7c8d6400 JavaThread "qtp29314176-9" [_thread_blocked, id=6963, stack(0x7c9ad000,0x7c9fe000)]
  0x7d1e7800 JavaThread "Service Thread" daemon [_thread_blocked, id=6960, stack(0x7f72e000,0x7f77f000)]
  0x7d1e5c00 JavaThread "C2 CompilerThread1" daemon [_thread_blocked, id=6959, stack(0x7ca7f000,0x7cb00000)]
  0x7d1e3c00 JavaThread "C2 CompilerThread0" daemon [_thread_blocked, id=6958, stack(0x7ce7f000,0x7cf00000)]
  0x7d1e2000 JavaThread "Signal Dispatcher" daemon [_thread_blocked, id=6957, stack(0x7f92e000,0x7f97f000)]
  0x7d1a7c00 JavaThread "Finalizer" daemon [_thread_blocked, id=6956, stack(0x7fb2e000,0x7fb7f000)]
  0x7d1a6000 JavaThread "Reference Handler" daemon [_thread_blocked, id=6955, stack(0x7d02e000,0x7d07f000)]
=>0xb6706400 JavaThread "main" [_thread_in_native, id=6949, stack(0xb68c1000,0xb6912000)]

Other Threads:
  0x7d1a0400 VMThread [stack: 0x7d07f000,0x7d100000] [id=6954]
  0x7d1e9400 WatcherThread [stack: 0x7c9fe000,0x7ca7f000] [id=6961]

VM state:not at safepoint (normal execution)

VM Mutex/Monitor currently owned by a thread: None

Heap
 PSYoungGen      total 14144K, used 4673K [0xa39a0000, 0xa4960000, 0xb3640000)
  eden space 12160K, 38% used [0xa39a0000,0xa3e307a0,0xa4580000)
  from space 1984K, 0% used [0xa4770000,0xa4770000,0xa4960000)
  to   space 1984K, 0% used [0xa4580000,0xa4580000,0xa4770000)
 ParOldGen       total 32320K, used 0K [0x84040000, 0x85fd0000, 0xa39a0000)
  object space 32320K, 0% used [0x84040000,0x84040000,0x85fd0000)
 PSPermGen       total 16384K, used 3944K [0x80040000, 0x81040000, 0x84040000)
  object space 16384K, 24% used [0x80040000,0x8041a370,0x81040000)

Card table byte_map: [0x7fea4000,0x80040000] byte_map_base: 0x7faa3e00

Polling page: 0xb7746000

Code Cache  [0xb3700000, 0xb3940000, 0xb6700000)
 total_blobs=137 nmethods=13 adapters=77 free_code_cache=48839Kb largest_free_block=49993344

Compilation events (10 events):
Event: 0.189 Thread 0x7d1e3c00 nmethod 8 0xb374c548 code [0xb374c640, 0xb374c6b0]
Event: 0.189 Thread 0x7d1e5c00 nmethod 9 0xb374c308 code [0xb374c400, 0xb374c490]
Event: 0.194 Thread 0x7d1e3c00   10             java.lang.Object::<init> (1 bytes)
Event: 0.194 Thread 0x7d1e3c00 nmethod 10 0xb374c108 code [0xb374c200, 0xb374c270]
Event: 0.233 Thread 0x7d1e5c00   11             java.util.Properties$LineReader::readLine (452 bytes)
Event: 0.239 Thread 0x7d1e3c00   12             java.lang.String::equals (81 bytes)
Event: 0.244 Thread 0x7d1e3c00 nmethod 12 0xb374d888 code [0xb374d980, 0xb374dbb0]
Event: 0.247 Thread 0x7d1e5c00 nmethod 11 0xb374c8c8 code [0xb374ca40, 0xb374d218]
Event: 0.250 Thread 0x7d1e3c00   13             java.lang.String::length (6 bytes)
Event: 0.251 Thread 0x7d1e3c00 nmethod 13 0xb374fbc8 code [0xb374fcc0, 0xb374fd10]

GC Heap History (0 events):
No events

Deoptimization events (0 events):
No events

Internal exceptions (10 events):
Event: 0.250 Thread 0xb6706400 Threw 0xa3d9c348 at /HUDSON/workspace/jdk7u7-2-build-linux-i586-product/jdk7u7/hotspot/src/share/vm/prims/jvm.cpp:1166
Event: 0.253 Thread 0xb6706400 Threw 0xa3da6210 at /HUDSON/workspace/jdk7u7-2-build-linux-i586-product/jdk7u7/hotspot/src/share/vm/prims/jvm.cpp:1166
Event: 0.253 Thread 0xb6706400 Threw 0xa3da82b0 at /HUDSON/workspace/jdk7u7-2-build-linux-i586-product/jdk7u7/hotspot/src/share/vm/prims/jvm.cpp:1166
Event: 0.253 Thread 0xb6706400 Threw 0xa3daaae8 at /HUDSON/workspace/jdk7u7-2-build-linux-i586-product/jdk7u7/hotspot/src/share/vm/prims/jvm.cpp:1166
Event: 0.254 Thread 0xb6706400 Threw 0xa3daf110 at /HUDSON/workspace/jdk7u7-2-build-linux-i586-product/jdk7u7/hotspot/src/share/vm/prims/jvm.cpp:1166
Event: 0.256 Thread 0xb6706400 Threw 0xa3dba530 at /HUDSON/workspace/jdk7u7-2-build-linux-i586-product/jdk7u7/hotspot/src/share/vm/prims/jvm.cpp:1166
Event: 0.257 Thread 0xb6706400 Threw 0xa3dbeeb0 at /HUDSON/workspace/jdk7u7-2-build-linux-i586-product/jdk7u7/hotspot/src/share/vm/prims/jvm.cpp:1166
Event: 0.267 Thread 0xb6706400 Threw 0xa3dc7c88 at /HUDSON/workspace/jdk7u7-2-build-linux-i586-product/jdk7u7/hotspot/src/share/vm/prims/jvm.cpp:1166
Event: 0.268 Thread 0x7c8e5c00 Threw 0xa3cfcdb8 at /HUDSON/workspace/jdk7u7-2-build-linux-i586-product/jdk7u7/hotspot/src/share/vm/prims/jvm.cpp:1166
Event: 402.081 Thread 0xb6706400 Threw 0xa3dd46d8 at /HUDSON/workspace/jdk7u7-2-build-linux-i586-product/jdk7u7/hotspot/src/share/vm/prims/jvm.cpp:1166

Events (10 events):
Event: 402.030 loading class 0x7c524718
Event: 402.031 loading class 0x7c545368
Event: 402.031 loading class 0x7c545368 done
Event: 402.031 loading class 0x7c524718 done
Event: 402.031 loading class 0x7d1aa878
Event: 402.031 Thread 0x7c51dc00 Thread exited: 0x7c51dc00
Event: 402.031 loading class 0x7d1aa878 done
Event: 402.031 Thread 0x7c8e5c00 Thread exited: 0x7c8e5c00
Event: 402.081 loading class 0x7c8d8f98
Event: 402.081 loading class 0x7c8d8f98 done


Dynamic libraries:
08048000-08049000 r-xp 00000000 08:01 657348     /usr/lib/jvm/java-7-oracle/jre/bin/java
08049000-0804a000 rw-p 00000000 08:01 657348     /usr/lib/jvm/java-7-oracle/jre/bin/java
095de000-095ff000 rw-p 00000000 00:00 0          [heap]
7c32c000-7c500000 rw-p 00000000 00:00 0 
7c500000-7c54c000 rw-p 00000000 00:00 0 
7c54c000-7c600000 ---p 00000000 00:00 0 
7c66b000-7c66e000 ---p 00000000 00:00 0 
7c66e000-7c6bc000 rw-p 00000000 00:00 0 
7c6bc000-7c6bf000 ---p 00000000 00:00 0 
7c6bf000-7c70d000 rw-p 00000000 00:00 0 
7c70d000-7c710000 ---p 00000000 00:00 0 
7c710000-7c75e000 rw-p 00000000 00:00 0 
7c75e000-7c761000 ---p 00000000 00:00 0 
7c761000-7c7af000 rw-p 00000000 00:00 0 
7c7af000-7c7b2000 ---p 00000000 00:00 0 
7c7b2000-7c800000 rw-p 00000000 00:00 0 
7c800000-7c8fb000 rw-p 00000000 00:00 0 
7c8fb000-7c900000 ---p 00000000 00:00 0 
7c90b000-7c90e000 ---p 00000000 00:00 0 
7c90e000-7c95c000 rw-p 00000000 00:00 0 
7c95c000-7c95f000 ---p 00000000 00:00 0 
7c95f000-7c9ad000 rw-p 00000000 00:00 0 
7c9ad000-7c9b0000 ---p 00000000 00:00 0 
7c9b0000-7c9fe000 rw-p 00000000 00:00 0 
7c9fe000-7c9ff000 ---p 00000000 00:00 0 
7c9ff000-7ca7f000 rw-p 00000000 00:00 0 
7ca7f000-7ca82000 ---p 00000000 00:00 0 
7ca82000-7cb00000 rw-p 00000000 00:00 0 
7cb00000-7cd00000 r--p 00000000 08:01 136800     /usr/lib/locale/locale-archive
7cd00000-7cd21000 rw-p 00000000 00:00 0 
7cd21000-7ce00000 ---p 00000000 00:00 0 
7ce2e000-7ce31000 ---p 00000000 00:00 0 
7ce31000-7ce7f000 rw-p 00000000 00:00 0 
7ce7f000-7ce82000 ---p 00000000 00:00 0 
7ce82000-7cf00000 rw-p 00000000 00:00 0 
7cf00000-7cf78000 rw-p 00000000 00:00 0 
7cf78000-7d000000 ---p 00000000 00:00 0 
7d02e000-7d031000 ---p 00000000 00:00 0 
7d031000-7d07f000 rw-p 00000000 00:00 0 
7d07f000-7d080000 ---p 00000000 00:00 0 
7d080000-7d100000 rw-p 00000000 00:00 0 
7d100000-7d200000 rw-p 00000000 00:00 0 
7d242000-7d28d000 rw-p 00000000 00:00 0 
7d28d000-7d449000 r--s 039d3000 08:01 658154     /usr/lib/jvm/java-7-oracle/jre/lib/rt.jar
7d449000-7f600000 rw-p 00000000 00:00 0 
7f600000-7f65e000 rw-p 00000000 00:00 0 
7f65e000-7f700000 ---p 00000000 00:00 0 
7f72e000-7f731000 ---p 00000000 00:00 0 
7f731000-7f77f000 rw-p 00000000 00:00 0 
7f77f000-7f780000 ---p 00000000 00:00 0 
7f780000-7f800000 rw-p 00000000 00:00 0 
7f800000-7f821000 rw-p 00000000 00:00 0 
7f821000-7f900000 ---p 00000000 00:00 0 
7f92e000-7f931000 ---p 00000000 00:00 0 
7f931000-7f97f000 rw-p 00000000 00:00 0 
7f97f000-7f980000 ---p 00000000 00:00 0 
7f980000-7fa00000 rw-p 00000000 00:00 0 
7fa00000-7fa21000 rw-p 00000000 00:00 0 
7fa21000-7fb00000 ---p 00000000 00:00 0 
7fb19000-7fb2d000 r-xp 00000000 08:01 657407     /usr/lib/jvm/java-7-oracle/jre/lib/i386/libnet.so
7fb2d000-7fb2e000 rw-p 00014000 08:01 657407     /usr/lib/jvm/java-7-oracle/jre/lib/i386/libnet.so
7fb2e000-7fb31000 ---p 00000000 00:00 0 
7fb31000-7fb7f000 rw-p 00000000 00:00 0 
7fb7f000-7fb80000 ---p 00000000 00:00 0 
7fb80000-7fc00000 rw-p 00000000 00:00 0 
7fc00000-7fc21000 rw-p 00000000 00:00 0 
7fc21000-7fd00000 ---p 00000000 00:00 0 
7fd0f000-7fd26000 r--s 00147000 08:01 1838281    /home/g18/public_html/javaServerTest_DoNotDelete/myServerAdmi.jar
7fd26000-7fd27000 ---p 00000000 00:00 0 
7fd27000-7fdb7000 rw-p 00000000 00:00 0 
7fdb7000-7fea4000 rw-p 00000000 00:00 0 
7fea4000-7feac000 rw-p 00000000 00:00 0 
7feac000-7fec4000 rw-p 00000000 00:00 0 
7fec4000-7fed4000 rw-p 00000000 00:00 0 
7fed4000-7ffc0000 rw-p 00000000 00:00 0 
7ffc0000-7ffc9000 rw-p 00000000 00:00 0 
7ffc9000-8003f000 rw-p 00000000 00:00 0 
8003f000-81040000 rw-p 00000000 00:00 0 
81040000-84040000 rw-p 00000000 00:00 0 
84040000-85fd0000 rw-p 00000000 00:00 0 
85fd0000-a39a0000 rw-p 00000000 00:00 0 
a39a0000-a4960000 rw-p 00000000 00:00 0 
a4960000-b3640000 rw-p 00000000 00:00 0 
b3640000-b3649000 rw-p 00000000 00:00 0 
b3649000-b3700000 rw-p 00000000 00:00 0 
b3700000-b3940000 rwxp 00000000 00:00 0 
b3940000-b67fa000 rw-p 00000000 00:00 0 
b67fa000-b6800000 ---p 00000000 00:00 0 
b6800000-b6803000 rw-p 00000000 00:00 0 
b6803000-b6811000 r-xp 00000000 08:01 657428     /usr/lib/jvm/java-7-oracle/jre/lib/i386/libnio.so
b6811000-b6812000 rw-p 0000e000 08:01 657428     /usr/lib/jvm/java-7-oracle/jre/lib/i386/libnio.so
b6812000-b681a000 rw-p 00000000 00:00 0 
b681a000-b6832000 rw-p 00000000 00:00 0 
b6832000-b6849000 r-xp 00000000 08:01 657417     /usr/lib/jvm/java-7-oracle/jre/lib/i386/libzip.so
b6849000-b684a000 rw-p 00017000 08:01 657417     /usr/lib/jvm/java-7-oracle/jre/lib/i386/libzip.so
b684a000-b6855000 r-xp 00000000 08:01 2228256    /lib/i386-linux-gnu/libnss_files-2.15.so
b6855000-b6856000 r--p 0000a000 08:01 2228256    /lib/i386-linux-gnu/libnss_files-2.15.so
b6856000-b6857000 rw-p 0000b000 08:01 2228256    /lib/i386-linux-gnu/libnss_files-2.15.so
b6857000-b6861000 r-xp 00000000 08:01 2228258    /lib/i386-linux-gnu/libnss_nis-2.15.so
b6861000-b6862000 r--p 00009000 08:01 2228258    /lib/i386-linux-gnu/libnss_nis-2.15.so
b6862000-b6863000 rw-p 0000a000 08:01 2228258    /lib/i386-linux-gnu/libnss_nis-2.15.so
b6863000-b6879000 r-xp 00000000 08:01 2228253    /lib/i386-linux-gnu/libnsl-2.15.so
b6879000-b687a000 r--p 00015000 08:01 2228253    /lib/i386-linux-gnu/libnsl-2.15.so
b687a000-b687b000 rw-p 00016000 08:01 2228253    /lib/i386-linux-gnu/libnsl-2.15.so
b687b000-b687d000 rw-p 00000000 00:00 0 
b687d000-b6884000 r-xp 00000000 08:01 2228254    /lib/i386-linux-gnu/libnss_compat-2.15.so
b6884000-b6885000 r--p 00006000 08:01 2228254    /lib/i386-linux-gnu/libnss_compat-2.15.so
b6885000-b6886000 rw-p 00007000 08:01 2228254    /lib/i386-linux-gnu/libnss_compat-2.15.so
b6886000-b6887000 rw-p 00000000 00:00 0 
b6887000-b688b000 r--s 00089000 08:01 657623     /usr/lib/jvm/java-7-oracle/jre/lib/jsse.jar
b688b000-b6893000 rw-s 00000000 08:01 662719     /tmp/hsperfdata_g18/6948
b6893000-b6894000 rw-p 00000000 00:00 0 
b6894000-b68b7000 r-xp 00000000 08:01 657418     /usr/lib/jvm/java-7-oracle/jre/lib/i386/libjava.so
b68b7000-b68b8000 rw-p 00023000 08:01 657418     /usr/lib/jvm/java-7-oracle/jre/lib/i386/libjava.so
b68b8000-b68bf000 r-xp 00000000 08:01 2228263    /lib/i386-linux-gnu/librt-2.15.so
b68bf000-b68c0000 r--p 00006000 08:01 2228263    /lib/i386-linux-gnu/librt-2.15.so
b68c0000-b68c1000 rw-p 00007000 08:01 2228263    /lib/i386-linux-gnu/librt-2.15.so
b68c1000-b68c4000 ---p 00000000 00:00 0 
b68c4000-b6912000 rw-p 00000000 00:00 0 
b6912000-b693c000 r-xp 00000000 08:01 2228251    /lib/i386-linux-gnu/libm-2.15.so
b693c000-b693d000 r--p 00029000 08:01 2228251    /lib/i386-linux-gnu/libm-2.15.so
b693d000-b693e000 rw-p 0002a000 08:01 2228251    /lib/i386-linux-gnu/libm-2.15.so
b693e000-b70f7000 r-xp 00000000 08:01 657427     /usr/lib/jvm/java-7-oracle/jre/lib/i386/server/libjvm.so
b70f7000-b7149000 rw-p 007b8000 08:01 657427     /usr/lib/jvm/java-7-oracle/jre/lib/i386/server/libjvm.so
b7149000-b756c000 rw-p 00000000 00:00 0 
b756c000-b770b000 r-xp 00000000 08:01 2228243    /lib/i386-linux-gnu/libc-2.15.so
b770b000-b770d000 r--p 0019f000 08:01 2228243    /lib/i386-linux-gnu/libc-2.15.so
b770d000-b770e000 rw-p 001a1000 08:01 2228243    /lib/i386-linux-gnu/libc-2.15.so
b770e000-b7711000 rw-p 00000000 00:00 0 
b7711000-b7714000 r-xp 00000000 08:01 2228250    /lib/i386-linux-gnu/libdl-2.15.so
b7714000-b7715000 r--p 00002000 08:01 2228250    /lib/i386-linux-gnu/libdl-2.15.so
b7715000-b7716000 rw-p 00003000 08:01 2228250    /lib/i386-linux-gnu/libdl-2.15.so
b7716000-b7717000 rw-p 00000000 00:00 0 
b7717000-b772a000 r-xp 00000000 08:01 657406     /usr/lib/jvm/java-7-oracle/jre/lib/i386/jli/libjli.so
b772a000-b772b000 rw-p 00012000 08:01 657406     /usr/lib/jvm/java-7-oracle/jre/lib/i386/jli/libjli.so
b772b000-b7742000 r-xp 00000000 08:01 2228261    /lib/i386-linux-gnu/libpthread-2.15.so
b7742000-b7743000 r--p 00016000 08:01 2228261    /lib/i386-linux-gnu/libpthread-2.15.so
b7743000-b7744000 rw-p 00017000 08:01 2228261    /lib/i386-linux-gnu/libpthread-2.15.so
b7744000-b7746000 rw-p 00000000 00:00 0 
b7746000-b7747000 r--p 00000000 00:00 0 
b7747000-b7752000 r-xp 00000000 08:01 657421     /usr/lib/jvm/java-7-oracle/jre/lib/i386/libverify.so
b7752000-b7753000 rw-p 0000b000 08:01 657421     /usr/lib/jvm/java-7-oracle/jre/lib/i386/libverify.so
b7753000-b7755000 rw-p 00000000 00:00 0 
b7755000-b7756000 r-xp 00000000 00:00 0          [vdso]
b7756000-b7776000 r-xp 00000000 08:01 2228240    /lib/i386-linux-gnu/ld-2.15.so
b7776000-b7777000 r--p 0001f000 08:01 2228240    /lib/i386-linux-gnu/ld-2.15.so
b7777000-b7778000 rw-p 00020000 08:01 2228240    /lib/i386-linux-gnu/ld-2.15.so
bff53000-bff74000 rw-p 00000000 00:00 0          [stack]

VM Arguments:
java_command: myServerAdmi.jar
Launcher Type: SUN_STANDARD

Environment Variables:
PATH=/usr/local/sbin:/usr/local/bin:/usr/sbin:/usr/bin:/sbin:/bin:/usr/games
SHELL=/bin/bash

Signal Handlers:
SIGSEGV: [libjvm.so+0x720d30], sa_mask[0]=0x7ffbfeff, sa_flags=0x10000004
SIGBUS: [libjvm.so+0x720d30], sa_mask[0]=0x7ffbfeff, sa_flags=0x10000004
SIGFPE: [libjvm.so+0x5d9b80], sa_mask[0]=0x7ffbfeff, sa_flags=0x10000004
SIGPIPE: [libjvm.so+0x5d9b80], sa_mask[0]=0x7ffbfeff, sa_flags=0x10000004
SIGXFSZ: [libjvm.so+0x5d9b80], sa_mask[0]=0x7ffbfeff, sa_flags=0x10000004
SIGILL: [libjvm.so+0x5d9b80], sa_mask[0]=0x7ffbfeff, sa_flags=0x10000004
SIGUSR1: SIG_DFL, sa_mask[0]=0x00000000, sa_flags=0x00000000
SIGUSR2: [libjvm.so+0x5d9460], sa_mask[0]=0x00000000, sa_flags=0x10000004
SIGHUP: [libjvm.so+0x5dba50], sa_mask[0]=0x7ffbfeff, sa_flags=0x10000004
SIGINT: [libjvm.so+0x5dba50], sa_mask[0]=0x7ffbfeff, sa_flags=0x10000004
SIGTERM: [libjvm.so+0x5dba50], sa_mask[0]=0x7ffbfeff, sa_flags=0x10000004
SIGQUIT: [libjvm.so+0x5dba50], sa_mask[0]=0x7ffbfeff, sa_flags=0x10000004


---------------  S Y S T E M  ---------------

OS:wheezy/sid

uname:Linux 3.2.0-30-generic-pae #48-Ubuntu SMP Fri Aug 24 17:14:09 UTC 2012 i686
libc:glibc 2.15 NPTL 2.15 
rlimit: STACK 8192k, CORE 0k, NPROC 24086, NOFILE 4096, AS infinity
load average:0.15 0.05 0.06

/proc/meminfo:
MemTotal:        3097672 kB
MemFree:         1230484 kB
Buffers:          169276 kB
Cached:          1137960 kB
SwapCached:            0 kB
Active:          1529368 kB
Inactive:         257108 kB
Active(anon):     378864 kB
Inactive(anon):   105324 kB
Active(file):    1150504 kB
Inactive(file):   151784 kB
Unevictable:           0 kB
Mlocked:               0 kB
HighTotal:       2232316 kB
HighFree:         623664 kB
LowTotal:         865356 kB
LowFree:          606820 kB
SwapTotal:       3142652 kB
SwapFree:        3142144 kB
Dirty:               400 kB
Writeback:             0 kB
AnonPages:        479316 kB
Mapped:            37628 kB
Shmem:              4956 kB
Slab:              57384 kB
SReclaimable:      42732 kB
SUnreclaim:        14652 kB
KernelStack:        3720 kB
PageTables:         3916 kB
NFS_Unstable:          0 kB
Bounce:                0 kB
WritebackTmp:          0 kB
CommitLimit:     4691488 kB
Committed_AS:    1359932 kB
VmallocTotal:     122880 kB
VmallocUsed:        2984 kB
VmallocChunk:     119688 kB
HardwareCorrupted:     0 kB
AnonHugePages:         0 kB
HugePages_Total:       0
HugePages_Free:        0
HugePages_Rsvd:        0
HugePages_Surp:        0
Hugepagesize:       2048 kB
DirectMap4k:        8184 kB
DirectMap2M:      905216 kB


CPU:total 4 (4 cores per cpu, 1 threads per core) family 6 model 2 stepping 3, cmov, cx8, fxsr, mmx, sse, sse2, sse3, popcnt, tsc

/proc/cpuinfo:
processor	: 0
vendor_id	: GenuineIntel
cpu family	: 6
model		: 2
model name	: QEMU Virtual CPU version 1.0.50
stepping	: 3
microcode	: 0x1
cpu MHz		: 2393.998
cache size	: 4096 KB
physical id	: 0
siblings	: 4
core id		: 0
cpu cores	: 4
apicid		: 0
initial apicid	: 0
fdiv_bug	: no
hlt_bug		: no
f00f_bug	: no
coma_bug	: no
fpu		: yes
fpu_exception	: yes
cpuid level	: 4
wp		: yes
flags		: fpu de pse tsc msr pae mce cx8 apic mtrr pge mca cmov pse36 clflush mmx fxsr sse sse2 ht syscall nx lm pni cx16 popcnt hypervisor lahf_lm
bogomips	: 4787.99
clflush size	: 64
cache_alignment	: 64
address sizes	: 40 bits physical, 48 bits virtual
power management:

processor	: 1
vendor_id	: GenuineIntel
cpu family	: 6
model		: 2
model name	: QEMU Virtual CPU version 1.0.50
stepping	: 3
microcode	: 0x1
cpu MHz		: 2393.998
cache size	: 4096 KB
physical id	: 0
siblings	: 4
core id		: 1
cpu cores	: 4
apicid		: 1
initial apicid	: 1
fdiv_bug	: no
hlt_bug		: no
f00f_bug	: no
coma_bug	: no
fpu		: yes
fpu_exception	: yes
cpuid level	: 4
wp		: yes
flags		: fpu de pse tsc msr pae mce cx8 apic mtrr pge mca cmov pse36 clflush mmx fxsr sse sse2 ht syscall nx lm pni cx16 popcnt hypervisor lahf_lm
bogomips	: 4787.99
clflush size	: 64
cache_alignment	: 64
address sizes	: 40 bits physical, 48 bits virtual
power management:

processor	: 2
vendor_id	: GenuineIntel
cpu family	: 6
model		: 2
model name	: QEMU Virtual CPU version 1.0.50
stepping	: 3
microcode	: 0x1
cpu MHz		: 2393.998
cache size	: 4096 KB
physical id	: 0
siblings	: 4
core id		: 2
cpu cores	: 4
apicid		: 2
initial apicid	: 2
fdiv_bug	: no
hlt_bug		: no
f00f_bug	: no
coma_bug	: no
fpu		: yes
fpu_exception	: yes
cpuid level	: 4
wp		: yes
flags		: fpu de pse tsc msr pae mce cx8 apic mtrr pge mca cmov pse36 clflush mmx fxsr sse sse2 ht syscall nx lm pni cx16 popcnt hypervisor lahf_lm
bogomips	: 4787.99
clflush size	: 64
cache_alignment	: 64
address sizes	: 40 bits physical, 48 bits virtual
power management:

processor	: 3
vendor_id	: GenuineIntel
cpu family	: 6
model		: 2
model name	: QEMU Virtual CPU version 1.0.50
stepping	: 3
microcode	: 0x1
cpu MHz		: 2393.998
cache size	: 4096 KB
physical id	: 0
siblings	: 4
core id		: 3
cpu cores	: 4
apicid		: 3
initial apicid	: 3
fdiv_bug	: no
hlt_bug		: no
f00f_bug	: no
coma_bug	: no
fpu		: yes
fpu_exception	: yes
cpuid level	: 4
wp		: yes
flags		: fpu de pse tsc msr pae mce cx8 apic mtrr pge mca cmov pse36 clflush mmx fxsr sse sse2 ht syscall nx lm pni cx16 popcnt hypervisor lahf_lm
bogomips	: 4787.99
clflush size	: 64
cache_alignment	: 64
address sizes	: 40 bits physical, 48 bits virtual
power management:



Memory: 4k page, physical 3097672k(1230484k free), swap 3142652k(3142144k free)

vm_info: Java HotSpot(TM) Server VM (23.3-b01) for linux-x86 JRE (1.7.0_07-b10), built on Aug 28 2012 18:02:17 by "java_re" with gcc 4.3.0 20080428 (Red Hat 4.3.0-8)

time: Tue Oct 30 08:02:58 2012
elapsed time: 402 seconds

